2025-04-27 21:50:29,518 - INFO - Example dataset loaded. Running anomaly detection...
2025-04-27 21:50:29,518 - INFO - Starting anomaly detection...
2025-04-27 21:50:29,518 - INFO - Data mean: 16.80, Standard deviation: 38.36
2025-04-27 21:50:29,518 - INFO - Anomalies detected: []
2025-04-27 21:50:29,518 - INFO - No anomalies were detected in the dataset.
2025-04-27 21:51:30,767 - INFO - Example dataset loaded. Running anomaly detection...
2025-04-27 21:51:30,767 - INFO - Starting anomaly detection...
2025-04-27 21:51:30,767 - INFO - Data mean: 16.80, Standard deviation: 38.36
2025-04-27 21:51:30,767 - INFO - Anomalies detected: []
2025-04-27 21:51:30,767 - INFO - No anomalies were detected in the dataset.
2025-04-27 21:51:50,500 - INFO - Example dataset loaded. Running anomaly detection...
2025-04-27 21:51:50,500 - INFO - Starting anomaly detection...
2025-04-27 21:51:50,500 - INFO - Data mean: 16.80, Standard deviation: 38.36
2025-04-27 21:51:50,500 - INFO - Anomalies detected: []
2025-04-27 21:51:50,500 - INFO - No anomalies were detected in the dataset.
2025-04-27 22:06:47,943 - INFO - Example dataset loaded. Running anomaly detection...
2025-04-27 22:06:47,944 - INFO - Starting anomaly detection...
2025-04-27 22:06:47,944 - INFO - Data mean: 16.80, Standard deviation: 38.36
2025-04-27 22:06:47,944 - INFO - Anomalies detected: []
2025-04-27 22:06:47,944 - INFO - No anomalies were detected in the dataset.
